# JRE version: OpenJDK Runtime Environment (7.0_85-b01) (build 1.7.0_85-b01)
# Java VM: OpenJDK 64-Bit Server VM (24.85-b03 mixed mode linux-amd64 compressed oops)
Heap
 PSYoungGen      total 270336K, used 4240K [0x00000000ebe00000, 0x00000000fd600000, 0x0000000100000000)
  eden space 253952K, 1% used [0x00000000ebe00000,0x00000000ec2241d0,0x00000000fb600000)
  from space 16384K, 0% used [0x00000000fc600000,0x00000000fc600000,0x00000000fd600000)
  to   space 16384K, 0% used [0x00000000fb600000,0x00000000fb600000,0x00000000fc600000)
 ParOldGen       total 61440K, used 26293K [0x00000000c3a00000, 0x00000000c7600000, 0x00000000ebe00000)
  object space 61440K, 42% used [0x00000000c3a00000,0x00000000c53ad508,0x00000000c7600000)
 PSPermGen       total 33280K, used 16426K [0x00000000b9400000, 0x00000000bb480000, 0x00000000c3a00000)
  object space 33280K, 49% used [0x00000000b9400000,0x00000000ba40abe0,0x00000000bb480000)
GC Heap History (10 events):
Event: 6,829 GC heap before
{Heap before GC invocations=5 (full 0):
 PSYoungGen      total 66048K, used 66025K [0x00000000ebe00000, 0x00000000f0100000, 0x0000000100000000)
  eden space 63488K, 99% used [0x00000000ebe00000,0x00000000efbfc2e8,0x00000000efc00000)
  from space 2560K, 99% used [0x00000000efe80000,0x00000000f00fe440,0x00000000f0100000)
  to   space 2560K, 0% used [0x00000000efc00000,0x00000000efc00000,0x00000000efe80000)
 ParOldGen       total 40960K, used 26709K [0x00000000c3a00000, 0x00000000c6200000, 0x00000000ebe00000)
  object space 40960K, 65% used [0x00000000c3a00000,0x00000000c5415568,0x00000000c6200000)
 PSPermGen       total 21504K, used 16343K [0x00000000b9400000, 0x00000000ba900000, 0x00000000c3a00000)
  object space 21504K, 76% used [0x00000000b9400000,0x00000000ba3f5df0,0x00000000ba900000)
Event: 6,836 GC heap after
Heap after GC invocations=5 (full 0):
 PSYoungGen      total 66048K, used 2528K [0x00000000ebe00000, 0x00000000f5a00000, 0x0000000100000000)
  eden space 63488K, 0% used [0x00000000ebe00000,0x00000000ebe00000,0x00000000efc00000)
  from space 2560K, 98% used [0x00000000efc00000,0x00000000efe78030,0x00000000efe80000)
  to   space 16384K, 0% used [0x00000000f4a00000,0x00000000f4a00000,0x00000000f5a00000)
 ParOldGen       total 40960K, used 26757K [0x00000000c3a00000, 0x00000000c6200000, 0x00000000ebe00000)
  object space 40960K, 65% used [0x00000000c3a00000,0x00000000c5421568,0x00000000c6200000)
 PSPermGen       total 21504K, used 16343K [0x00000000b9400000, 0x00000000ba900000, 0x00000000c3a00000)
  object space 21504K, 76% used [0x00000000b9400000,0x00000000ba3f5df0,0x00000000ba900000)
}
Event: 7,510 GC heap before
{Heap before GC invocations=6 (full 0):
 PSYoungGen      total 66048K, used 66016K [0x00000000ebe00000, 0x00000000f5a00000, 0x0000000100000000)
  eden space 63488K, 100% used [0x00000000ebe00000,0x00000000efc00000,0x00000000efc00000)
  from space 2560K, 98% used [0x00000000efc00000,0x00000000efe78030,0x00000000efe80000)
  to   space 16384K, 0% used [0x00000000f4a00000,0x00000000f4a00000,0x00000000f5a00000)
 ParOldGen       total 40960K, used 26757K [0x00000000c3a00000, 0x00000000c6200000, 0x00000000ebe00000)
  object space 40960K, 65% used [0x00000000c3a00000,0x00000000c5421568,0x00000000c6200000)
 PSPermGen       total 21504K, used 16384K [0x00000000b9400000, 0x00000000ba900000, 0x00000000c3a00000)
  object space 21504K, 76% used [0x00000000b9400000,0x00000000ba4000e8,0x00000000ba900000)
Event: 7,520 GC heap after
Heap after GC invocations=6 (full 0):
 PSYoungGen      total 143360K, used 2617K [0x00000000ebe00000, 0x00000000f5a00000, 0x0000000100000000)
  eden space 126976K, 0% used [0x00000000ebe00000,0x00000000ebe00000,0x00000000f3a00000)
  from space 16384K, 15% used [0x00000000f4a00000,0x00000000f4c8e440,0x00000000f5a00000)
  to   space 16384K, 0% used [0x00000000f3a00000,0x00000000f3a00000,0x00000000f4a00000)
 ParOldGen       total 40960K, used 26757K [0x00000000c3a00000, 0x00000000c6200000, 0x00000000ebe00000)
  object space 40960K, 65% used [0x00000000c3a00000,0x00000000c5421568,0x00000000c6200000)
 PSPermGen       total 21504K, used 16384K [0x00000000b9400000, 0x00000000ba900000, 0x00000000c3a00000)
  object space 21504K, 76% used [0x00000000b9400000,0x00000000ba4000e8,0x00000000ba900000)
}
Event: 8,588 GC heap before
{Heap before GC invocations=7 (full 0):
 PSYoungGen      total 143360K, used 129593K [0x00000000ebe00000, 0x00000000f5a00000, 0x0000000100000000)
  eden space 126976K, 100% used [0x00000000ebe00000,0x00000000f3a00000,0x00000000f3a00000)
  from space 16384K, 15% used [0x00000000f4a00000,0x00000000f4c8e440,0x00000000f5a00000)
  to   space 16384K, 0% used [0x00000000f3a00000,0x00000000f3a00000,0x00000000f4a00000)
 ParOldGen       total 40960K, used 26757K [0x00000000c3a00000, 0x00000000c6200000, 0x00000000ebe00000)
  object space 40960K, 65% used [0x00000000c3a00000,0x00000000c5421568,0x00000000c6200000)
 PSPermGen       total 21504K, used 16417K [0x00000000b9400000, 0x00000000ba900000, 0x00000000c3a00000)
  object space 21504K, 76% used [0x00000000b9400000,0x00000000ba4087a0,0x00000000ba900000)
Event: 8,599 GC heap after
Heap after GC invocations=7 (full 0):
 PSYoungGen      total 143360K, used 2240K [0x00000000ebe00000, 0x00000000fd600000, 0x0000000100000000)
  eden space 126976K, 0% used [0x00000000ebe00000,0x00000000ebe00000,0x00000000f3a00000)
  from space 16384K, 13% used [0x00000000f3a00000,0x00000000f3c30030,0x00000000f4a00000)
  to   space 16384K, 0% used [0x00000000fc600000,0x00000000fc600000,0x00000000fd600000)
 ParOldGen       total 40960K, used 27117K [0x00000000c3a00000, 0x00000000c6200000, 0x00000000ebe00000)
  object space 40960K, 66% used [0x00000000c3a00000,0x00000000c547b5b8,0x00000000c6200000)
 PSPermGen       total 21504K, used 16417K [0x00000000b9400000, 0x00000000ba900000, 0x00000000c3a00000)
  object space 21504K, 76% used [0x00000000b9400000,0x00000000ba4087a0,0x00000000ba900000)
}
Event: 9,464 GC heap before
{Heap before GC invocations=8 (full 0):
 PSYoungGen      total 143360K, used 129216K [0x00000000ebe00000, 0x00000000fd600000, 0x0000000100000000)
  eden space 126976K, 100% used [0x00000000ebe00000,0x00000000f3a00000,0x00000000f3a00000)
  from space 16384K, 13% used [0x00000000f3a00000,0x00000000f3c30030,0x00000000f4a00000)
  to   space 16384K, 0% used [0x00000000fc600000,0x00000000fc600000,0x00000000fd600000)
 ParOldGen       total 40960K, used 27117K [0x00000000c3a00000, 0x00000000c6200000, 0x00000000ebe00000)
  object space 40960K, 66% used [0x00000000c3a00000,0x00000000c547b5b8,0x00000000c6200000)
 PSPermGen       total 21504K, used 16433K [0x00000000b9400000, 0x00000000ba900000, 0x00000000c3a00000)
  object space 21504K, 76% used [0x00000000b9400000,0x00000000ba40c510,0x00000000ba900000)
Event: 9,469 GC heap after
Heap after GC invocations=8 (full 0):
 PSYoungGen      total 270336K, used 256K [0x00000000ebe00000, 0x00000000fd600000, 0x0000000100000000)
  eden space 253952K, 0% used [0x00000000ebe00000,0x00000000ebe00000,0x00000000fb600000)
  from space 16384K, 1% used [0x00000000fc600000,0x00000000fc640000,0x00000000fd600000)
  to   space 16384K, 0% used [0x00000000fb600000,0x00000000fb600000,0x00000000fc600000)
 ParOldGen       total 40960K, used 29131K [0x00000000c3a00000, 0x00000000c6200000, 0x00000000ebe00000)
  object space 40960K, 71% used [0x00000000c3a00000,0x00000000c5672f88,0x00000000c6200000)
 PSPermGen       total 21504K, used 16433K [0x00000000b9400000, 0x00000000ba900000, 0x00000000c3a00000)
  object space 21504K, 76% used [0x00000000b9400000,0x00000000ba40c510,0x00000000ba900000)
}
Event: 9,469 GC heap before
{Heap before GC invocations=9 (full 1):
 PSYoungGen      total 270336K, used 256K [0x00000000ebe00000, 0x00000000fd600000, 0x0000000100000000)
  eden space 253952K, 0% used [0x00000000ebe00000,0x00000000ebe00000,0x00000000fb600000)
  from space 16384K, 1% used [0x00000000fc600000,0x00000000fc640000,0x00000000fd600000)
  to   space 16384K, 0% used [0x00000000fb600000,0x00000000fb600000,0x00000000fc600000)
 ParOldGen       total 40960K, used 29131K [0x00000000c3a00000, 0x00000000c6200000, 0x00000000ebe00000)
  object space 40960K, 71% used [0x00000000c3a00000,0x00000000c5672f88,0x00000000c6200000)
 PSPermGen       total 21504K, used 16433K [0x00000000b9400000, 0x00000000ba900000, 0x00000000c3a00000)
  object space 21504K, 76% used [0x00000000b9400000,0x00000000ba40c510,0x00000000ba900000)
Event: 9,580 GC heap after
Heap after GC invocations=9 (full 1):
 PSYoungGen      total 270336K, used 0K [0x00000000ebe00000, 0x00000000fd600000, 0x0000000100000000)
  eden space 253952K, 0% used [0x00000000ebe00000,0x00000000ebe00000,0x00000000fb600000)
  from space 16384K, 0% used [0x00000000fc600000,0x00000000fc600000,0x00000000fd600000)
  to   space 16384K, 0% used [0x00000000fb600000,0x00000000fb600000,0x00000000fc600000)
 ParOldGen       total 61440K, used 26293K [0x00000000c3a00000, 0x00000000c7600000, 0x00000000ebe00000)
  object space 61440K, 42% used [0x00000000c3a00000,0x00000000c53ad508,0x00000000c7600000)
 PSPermGen       total 33280K, used 16426K [0x00000000b9400000, 0x00000000bb480000, 0x00000000c3a00000)
  object space 33280K, 49% used [0x00000000b9400000,0x00000000ba40abe0,0x00000000bb480000)
}

